                        {state,0,riak_kv_bitcask_backend,
                               {#Ref<0.0.1.112982>,
                                "/var/lib/riaksearch/bitcask/0"},
                               {dict,0,16,16,8,80,48,
                                     {[],[],[],[],[],[],[],[],[],[],[],[],[],
                                      [],[],[]},
                                     {{[],[],[],[],[],[],[],[],[],[],[],[],[],
                                       [],[],[]}}},
                               false},
                        undefined,none,60000}
** Reason for termination = 
** {bad_return_value,{error,{write_locked,locked}}}

=CRASH REPORT==== 6-May-2011::20:37:37 ===
  crasher:
    initial call: riak_core_vnode:init/1
    pid: <0.23526.7>
    registered_name: []
    exception exit: {bad_return_value,{error,{write_locked,locked}}}
      in function  gen_fsm:terminate/7
      in call from proc_lib:init_p_do_apply/3
    ancestors: [riak_core_vnode_sup,riak_core_sup,<0.23449.7>]
    messages: []
    links: [<0.23451.7>]
    dictionary: []
    trap_exit: true
    status: running
    heap_size: 2584
    stack_size: 24
    reductions: 41849
  neighbours:

=SUPERVISOR REPORT==== 6-May-2011::20:37:37 ===
     Supervisor: {local,riak_core_vnode_sup}
     Context:    child_terminated
     Reason:     {bad_return_value,{error,{write_locked,locked}}}
     Offender:   [{pid,<0.23526.7>},{name,undefined},{mfa,{riak_core_vnode,start_link,[riak_kv_vnode,0]}},{restart_type,temporary},{shutdown,brutal_kill},{child_type,worker}]


=ERROR REPORT==== 6-May-2011::20:37:37 ===
** State machine <0.23568.7> terminating 
** Last event in was {riak_vnode_req_v1,
                      502391187832497878132516661246222288006726811648,
                      {fsm,undefined,<0.25353.7>},
                      {riak_kv_put_req_v1,
                       {<<"_rsid_clips">>,
                        <<"f012634180a6ddbfc25a905a0fc6e730cf20f4de:b881b71700f0184ec998c627c4cb675d92baec80">>},
                       {r_object,<<"_rsid_clips">>,
                        <<"f012634180a6ddbfc25a905a0fc6e730cf20f4de:b881b71700f0184ec998c627c4cb675d92baec80">>,
                        [{r_content,
                          {dict,2,16,16,8,80,48,
                           {[],[],[],[],[],[],[],[],[],[],[],[],[],[],[],[]},
                           {{[],[],[],[],[],[],[],[],[],[],
                             [[<<"X-Riak-VTag">>,50,72,120,88,108,68,77,117,
                               75,72,82,118,89,97,69,85,77,103,82,74,100,119]],
                             [],[],
                             [[<<"X-Riak-Last-Modified">>|
                               {1304,714257,346549}]],
                             [],[]}}},
                          {riak_idx_doc,<<"clips">>,
                           <<"f012634180a6ddbfc25a905a0fc6e730cf20f4de:b881b71700f0184ec998c627c4cb675d92baec80">>,
                           [{<<"annote">>,<<>>,[]},
                            {<<"blob">>,
                             <<"b881b71700f0184ec998c627c4cb675d92baec80">>,
                             [{<<"b881b71700f0184ec998c627c4cb675d92baec80">>,
                               [0]}]},
                            {<<"bug">>,<<"0">>,[{<<"0">>,[0]}]},
                            {<<"ctime">>,<<"98695285742695">>,
                             [{<<"98695285742695">>,[0]}]},
                            {<<"domain">>,<<"apple.com">>,
                             [{<<"apple.com">>,[0]}]},
                            {<<"flag">>,<<"0">>,[{<<"0">>,[0]}]},
                            {<<"future">>,<<>>,[]},
                            {<<"height">>,<<"17">>,[{<<"17">>,[0]}]},
                            {<<"mtime">>,<<"98695285742695">>,
                             [{<<"98695285742695">>,[0]}]},
                            {<<"private">>,<<"1">>,[{<<"1">>,[0]}]},
                            {<<"tags">>,<<>>,[]},
                            {<<"text">>,<<"may 2011 apple start apple com">>,
                             [{<<"may">>,[0]},
                              {<<"start">>,[3]},
                              {<<"apple">>,[2,4]},
                              {<<"2011">>,[1]},
                              {<<"com">>,[5]}]},
                            {<<"title">>,<<"Apple - Start">>,
                             [{<<"start">>,[1]},{<<"apple">>,[0]}]},
                            {<<"type">>,<<"clip">>,[{<<"clip">>,[0]}]},
                            {<<"url">>,<<"http://www.apple.com/startpage/">>,
                             [{<<"http">>,[0]},
                              {<<"www.apple.com">>,[1]},
                              {<<"startpage">>,[2]}]},
                            {<<"user">>,
                             <<"f012634180a6ddbfc25a905a0fc6e730cf20f4de">>,
                             [{<<"f012634180a6ddbfc25a905a0fc6e730cf20f4de">>,
                               [0]}]},
                            {<<"version">>,<<"0.1">>,[{<<"0.1">>,[0]}]},
                            {<<"width">>,<<"460">>,[{<<"460">>,[0]}]}],
                           [],[],true}}],
                        [{<<3,20,189,20>>,{1,63471933457}}],
                        {dict,1,16,16,8,80,48,
                         {[],[],[],[],[],[],[],[],[],[],[],[],[],[],[],[]},
                         {{[],[],[],[],[],[],[],[],[],[],[],[],[],[],
                           [[clean|true]],
                           []}}},
                        undefined},
                       125588666,63471933457,[]}}
** When State == active
**      Data  == {state,502391187832497878132516661246222288006726811648,
                        riak_kv_vnode,
                        {state,502391187832497878132516661246222288006726811648,
                               riak_kv_bitcask_backend,
                               {#Ref<0.0.1.113529>,
                                "/var/lib/riaksearch/bitcask/502391187832497878132516661246222288006726811648"},
                               {dict,0,16,16,8,80,48,
                                     {[],[],[],[],[],[],[],[],[],[],[],[],[],
                                      [],[],[]},
                                     {{[],[],[],[],[],[],[],[],[],[],[],[],[],
                                       [],[],[]}}},
                               false},
                        undefined,none,60000}
** Reason for termination = 
** {bad_return_value,{error,{write_locked,locked}}}

=CRASH REPORT==== 6-May-2011::20:37:37 ===
  crasher:
    initial call: riak_core_vnode:init/1
    pid: <0.23568.7>
    registered_name: []
    exception exit: {bad_return_value,{error,{write_locked,locked}}}
      in function  gen_fsm:terminate/7
      in call from proc_lib:init_p_do_apply/3
    ancestors: [riak_core_vnode_sup,riak_core_sup,<0.23449.7>]
    messages: []
    links: [<0.23451.7>]
    dictionary: []
    trap_exit: true
    status: running
    heap_size: 4181
    stack_size: 24
    reductions: 43605
  neighbours:

=SUPERVISOR REPORT==== 6-May-2011::20:37:37 ===
     Supervisor: {local,riak_core_vnode_sup}
     Context:    child_terminated
     Reason:     {bad_return_value,{error,{write_locked,locked}}}
     Offender:   [{pid,<0.23568.7>},{name,undefined},{mfa,{riak_core_vnode,start_link,[riak_kv_vnode,502391187832497878132516661246222288006726811648]}},{restart_type,temporary},{shutdown,brutal_kill},{child_type,worker}]


=ERROR REPORT==== 6-May-2011::20:37:37 ===
** State machine <0.23570.7> terminating 
** Last event in was {riak_vnode_req_v1,
                      525227150915793236229449236757414210188850757632,
                      {fsm,undefined,<0.25353.7>},
                      {riak_kv_put_req_v1,
                       {<<"_rsid_clips">>,
                        <<"f012634180a6ddbfc25a905a0fc6e730cf20f4de:b881b71700f0184ec998c627c4cb675d92baec80">>},
                       {r_object,<<"_rsid_clips">>,
                        <<"f012634180a6ddbfc25a905a0fc6e730cf20f4de:b881b71700f0184ec998c627c4cb675d92baec80">>,
                        [{r_content,
                          {dict,2,16,16,8,80,48,
                           {[],[],[],[],[],[],[],[],[],[],[],[],[],[],[],[]},
                           {{[],[],[],[],[],[],[],[],[],[],
                             [[<<"X-Riak-VTag">>,50,72,120,88,108,68,77,117,
                               75,72,82,118,89,97,69,85,77,103,82,74,100,119]],
                             [],[],
                             [[<<"X-Riak-Last-Modified">>|
                               {1304,714257,346549}]],
                             [],[]}}},
                          {riak_idx_doc,<<"clips">>,
                           <<"f012634180a6ddbfc25a905a0fc6e730cf20f4de:b881b71700f0184ec998c627c4cb675d92baec80">>,
                           [{<<"annote">>,<<>>,[]},
                            {<<"blob">>,
                             <<"b881b71700f0184ec998c627c4cb675d92baec80">>,
                             [{<<"b881b71700f0184ec998c627c4cb675d92baec80">>,
                               [0]}]},
                            {<<"bug">>,<<"0">>,[{<<"0">>,[0]}]},
                            {<<"ctime">>,<<"98695285742695">>,
                             [{<<"98695285742695">>,[0]}]},
                            {<<"domain">>,<<"apple.com">>,
                             [{<<"apple.com">>,[0]}]},
                            {<<"flag">>,<<"0">>,[{<<"0">>,[0]}]},
                            {<<"future">>,<<>>,[]},
                            {<<"height">>,<<"17">>,[{<<"17">>,[0]}]},
                            {<<"mtime">>,<<"98695285742695">>,
                             [{<<"98695285742695">>,[0]}]},
                            {<<"private">>,<<"1">>,[{<<"1">>,[0]}]},
                            {<<"tags">>,<<>>,[]},
                            {<<"text">>,<<"may 2011 apple start apple com">>,
                             [{<<"may">>,[0]},
                              {<<"start">>,[3]},
                              {<<"apple">>,[2,4]},
                              {<<"2011">>,[1]},
                              {<<"com">>,[5]}]},
                            {<<"title">>,<<"Apple - Start">>,
                             [{<<"start">>,[1]},{<<"apple">>,[0]}]},
                            {<<"type">>,<<"clip">>,[{<<"clip">>,[0]}]},
                            {<<"url">>,<<"http://www.apple.com/startpage/">>,
                             [{<<"http">>,[0]},
                              {<<"www.apple.com">>,[1]},
                              {<<"startpage">>,[2]}]},
                            {<<"user">>,
                             <<"f012634180a6ddbfc25a905a0fc6e730cf20f4de">>,
                             [{<<"f012634180a6ddbfc25a905a0fc6e730cf20f4de">>,
                               [0]}]},
                            {<<"version">>,<<"0.1">>,[{<<"0.1">>,[0]}]},
                            {<<"width">>,<<"460">>,[{<<"460">>,[0]}]}],
                           [],[],true}}],
                        [{<<3,20,189,20>>,{1,63471933457}}],
                        {dict,1,16,16,8,80,48,
                         {[],[],[],[],[],[],[],[],[],[],[],[],[],[],[],[]},
                         {{[],[],[],[],[],[],[],[],[],[],[],[],[],[],
                           [[clean|true]],
                           []}}},
                        undefined},
                       125588666,63471933457,[]}}
** When State == active
**      Data  == {state,525227150915793236229449236757414210188850757632,
                        riak_kv_vnode,
                        {state,525227150915793236229449236757414210188850757632,
                               riak_kv_bitcask_backend,
                               {#Ref<0.0.1.113554>,
                                "/var/lib/riaksearch/bitcask/525227150915793236229449236757414210188850757632"},
                               {dict,0,16,16,8,80,48,
                                     {[],[],[],[],[],[],[],[],[],[],[],[],[],
                                      [],[],[]},
                                     {{[],[],[],[],[],[],[],[],[],[],[],[],[],
                                       [],[],[]}}},
                               false},
                        undefined,none,60000}
** Reason for termination = 
** {bad_return_value,{error,{write_locked,locked}}}

=CRASH REPORT==== 6-May-2011::20:37:37 ===
  crasher:
    initial call: riak_core_vnode:init/1
    pid: <0.23570.7>
    registered_name: []
    exception exit: {bad_return_value,{error,{write_locked,locked}}}
      in function  gen_fsm:terminate/7
      in call from proc_lib:init_p_do_apply/3
    ancestors: [riak_core_vnode_sup,riak_core_sup,<0.23449.7>]
    messages: []
    links: [<0.23451.7>]
    dictionary: []
    trap_exit: true
    status: running
    heap_size: 4181
    stack_size: 24
    reductions: 42975
  neighbours:

=SUPERVISOR REPORT==== 6-May-2011::20:37:37 ===
     Supervisor: {local,riak_core_vnode_sup}
     Context:    child_terminated
     Reason:     {bad_return_value,{error,{write_locked,locked}}}
     Offender:   [{pid,<0.23570.7>},{name,undefined},{mfa,{riak_core_vnode,start_link,[riak_kv_vnode,525227150915793236229449236757414210188850757632]}},{restart_type,temporary},{shutdown,brutal_kill},{child_type,worker}]


=ERROR REPORT==== 6-May-2011::20:37:37 ===
** State machine <0.23572.7> terminating 
** Last event in was {riak_vnode_req_v1,
                      548063113999088594326381812268606132370974703616,
                      {fsm,undefined,<0.25353.7>},
                      {riak_kv_put_req_v1,
                       {<<"_rsid_clips">>,
                        <<"f012634180a6ddbfc25a905a0fc6e730cf20f4de:b881b71700f0184ec998c627c4cb675d92baec80">>},
                       {r_object,<<"_rsid_clips">>,
                        <<"f012634180a6ddbfc25a905a0fc6e730cf20f4de:b881b71700f0184ec998c627c4cb675d92baec80">>,
                        [{r_content,
                          {dict,2,16,16,8,80,48,
                           {[],[],[],[],[],[],[],[],[],[],[],[],[],[],[],[]},
                           {{[],[],[],[],[],[],[],[],[],[],
                             [[<<"X-Riak-VTag">>,50,72,120,88,108,68,77,117,
                               75,72,82,118,89,97,69,85,77,103,82,74,100,119]],
                             [],[],
                             [[<<"X-Riak-Last-Modified">>|
                               {1304,714257,346549}]],
                             [],[]}}},
                          {riak_idx_doc,<<"clips">>,
                           <<"f012634180a6ddbfc25a905a0fc6e730cf20f4de:b881b71700f0184ec998c627c4cb675d92baec80">>,
                           [{<<"annote">>,<<>>,[]},
                            {<<"blob">>,
                             <<"b881b71700f0184ec998c627c4cb675d92baec80">>,
                             [{<<"b881b71700f0184ec998c627c4cb675d92baec80">>,
                               [0]}]},
                            {<<"bug">>,<<"0">>,[{<<"0">>,[0]}]},
                            {<<"ctime">>,<<"98695285742695">>,
                             [{<<"98695285742695">>,[0]}]},
                            {<<"domain">>,<<"apple.com">>,
                             [{<<"apple.com">>,[0]}]},
                            {<<"flag">>,<<"0">>,[{<<"0">>,[0]}]},
                            {<<"future">>,<<>>,[]},
                            {<<"height">>,<<"17">>,[{<<"17">>,[0]}]},
                            {<<"mtime">>,<<"98695285742695">>,
                             [{<<"98695285742695">>,[0]}]},
                            {<<"private">>,<<"1">>,[{<<"1">>,[0]}]},
                            {<<"tags">>,<<>>,[]},
                            {<<"text">>,<<"may 2011 apple start apple com">>,
                             [{<<"may">>,[0]},
                              {<<"start">>,[3]},
                              {<<"apple">>,[2,4]},
                              {<<"2011">>,[1]},
                              {<<"com">>,[5]}]},
                            {<<"title">>,<<"Apple - Start">>,
                             [{<<"start">>,[1]},{<<"apple">>,[0]}]},
                            {<<"type">>,<<"clip">>,[{<<"clip">>,[0]}]},
                            {<<"url">>,<<"http://www.apple.com/startpage/">>,
                             [{<<"http">>,[0]},
                              {<<"www.apple.com">>,[1]},
                              {<<"startpage">>,[2]}]},
                            {<<"user">>,
                             <<"f012634180a6ddbfc25a905a0fc6e730cf20f4de">>,
                             [{<<"f012634180a6ddbfc25a905a0fc6e730cf20f4de">>,
                               [0]}]},
                            {<<"version">>,<<"0.1">>,[{<<"0.1">>,[0]}]},
                            {<<"width">>,<<"460">>,[{<<"460">>,[0]}]}],
                           [],[],true}}],
                        [{<<3,20,189,20>>,{1,63471933457}}],
                        {dict,1,16,16,8,80,48,
                         {[],[],[],[],[],[],[],[],[],[],[],[],[],[],[],[]},
                         {{[],[],[],[],[],[],[],[],[],[],[],[],[],[],
                           [[clean|true]],
                           []}}},
                        undefined},
                       125588666,63471933457,[]}}
** When State == active
**      Data  == {state,548063113999088594326381812268606132370974703616,
                        riak_kv_vnode,
                        {state,548063113999088594326381812268606132370974703616,
                               riak_kv_bitcask_backend,
                               {#Ref<0.0.1.113579>,
                                "/var/lib/riaksearch/bitcask/548063113999088594326381812268606132370974703616"},
                               {dict,0,16,16,8,80,48,
                                     {[],[],[],[],[],[],[],[],[],[],[],[],[],
                                      [],[],[]},
                                     {{[],[],[],[],[],[],[],[],[],[],[],[],[],
                                       [],[],[]}}},
                               false},
                        undefined,none,60000}
** Reason for termination = 
** {bad_return_value,{error,{write_locked,locked}}}

=CRASH REPORT==== 6-May-2011::20:37:37 ===
  crasher:
    initial call: riak_core_vnode:init/1
    pid: <0.23572.7>
    registered_name: []
    exception exit: {bad_return_value,{error,{write_locked,locked}}}
      in function  gen_fsm:terminate/7
      in call from proc_lib:init_p_do_apply/3
    ancestors: [riak_core_vnode_sup,riak_core_sup,<0.23449.7>]
    messages: []
    links: [<0.23451.7>]
    dictionary: []
    trap_exit: true
    status: running
    heap_size: 4181
    stack_size: 24
    reductions: 50379
  neighbours:

=SUPERVISOR REPORT==== 6-May-2011::20:37:37 ===
     Supervisor: {local,riak_core_vnode_sup}
     Context:    child_terminated
     Reason:     {bad_return_value,{error,{write_locked,locked}}}
     Offender:   [{pid,<0.23572.7>},{name,undefined},{mfa,{riak_core_vnode,start_link,[riak_kv_vnode,548063113999088594326381812268606132370974703616]}},{restart_type,temporary},{shutdown,brutal_kill},{child_type,worker}]


=ERROR REPORT==== 6-May-2011::20:37:37 ===
** State machine <0.23529.7> terminating 
** Last event in was {riak_vnode_req_v1,
                      22835963083295358096932575511191922182123945984,
                      {fsm,undefined,<0.25346.7>},
                      {riak_kv_put_req_v1,
                       {<<"_rsid_trans">>,<<"1304714257304:22">>},
                       {r_object,<<"_rsid_trans">>,<<"1304714257304:22">>,
                        [{r_content,
                          {dict,2,16,16,8,80,48,
                           {[],[],[],[],[],[],[],[],[],[],[],[],[],[],[],[]},
                           {{[],[],[],[],[],[],[],[],[],[],
                             [[<<"X-Riak-VTag">>,54,109,89,80,71,57,51,121,90,
                               112,56,118,80,101,109,48,76,104,100,88,76,57]],
                             [],[],
                             [[<<"X-Riak-Last-Modified">>|
                               {1304,714257,344958}]],
                             [],[]}}},
                          {riak_idx_doc,<<"trans">>,<<"1304714257304:22">>,
                           [{<<"blob">>,
                             <<"b881b71700f0184ec998c627c4cb675d92baec80">>,
                             [{<<"b881b71700f0184ec998c627c4cb675d92baec80">>,
                               [0]}]},
                            {<<"state">>,<<"0">>,[{<<"0">>,[0]}]},
                            {<<"time">>,<<"1304714257304">>,
                             [{<<"1304714257304">>,[0]}]},
                            {<<"type">>,<<"CLIP">>,[{<<"CLIP">>,[0]}]},
                            {<<"user">>,
                             <<"f012634180a6ddbfc25a905a0fc6e730cf20f4de">>,
                             [{<<"f012634180a6ddbfc25a905a0fc6e730cf20f4de">>,
                               [0]}]},
                            {<<"version">>,<<"0.1">>,[{<<"0.1">>,[0]}]}],
                           [],[],true}}],
                        [{<<6,186,35,210>>,{1,63471933457}}],
                        {dict,1,16,16,8,80,48,
                         {[],[],[],[],[],[],[],[],[],[],[],[],[],[],[],[]},
                         {{[],[],[],[],[],[],[],[],[],[],[],[],[],[],
                           [[clean|true]],
                           []}}},
                        undefined},
                       113109856,63471933457,[]}}
** When State == active
**      Data  == {state,22835963083295358096932575511191922182123945984,
                        riak_kv_vnode,
                        {state,22835963083295358096932575511191922182123945984,
                               riak_kv_bitcask_backend,
                               {#Ref<0.0.1.113007>,
                                "/var/lib/riaksearch/bitcask/22835963083295358096932575511191922182123945984"},
                               {dict,0,16,16,8,80,48,
                                     {[],[],[],[],[],[],[],[],[],[],[],[],[],
                                      [],[],[]},
                                     {{[],[],[],[],[],[],[],[],[],[],[],[],[],
                                       [],[],[]}}},
                               false},
                        undefined,none,60000}
** Reason for termination = 
** {bad_return_value,{error,{write_locked,locked}}}

=CRASH REPORT==== 6-May-2011::20:37:37 ===
  crasher:
    initial call: riak_core_vnode:init/1
    pid: <0.23529.7>
    registered_name: []
    exception exit: {bad_return_value,{error,{write_locked,locked}}}
      in function  gen_fsm:terminate/7
      in call from proc_lib:init_p_do_apply/3
    ancestors: [riak_core_vnode_sup,riak_core_sup,<0.23449.7>]
    messages: []
    links: [<0.23451.7>]
    dictionary: []
    trap_exit: true
    status: running
    heap_size: 4181
    stack_size: 24
    reductions: 46713
  neighbours:

=SUPERVISOR REPORT==== 6-May-2011::20:37:37 ===
     Supervisor: {local,riak_core_vnode_sup}
     Context:    child_terminated
     Reason:     {bad_return_value,{error,{write_locked,locked}}}
     Offender:   [{pid,<0.23529.7>},{name,undefined},{mfa,{riak_core_vnode,start_link,[riak_kv_vnode,22835963083295358096932575511191922182123945984]}},{restart_type,temporary},{shutdown,brutal_kill},{child_type,worker}]


=ERROR REPORT==== 6-May-2011::20:38:37 ===
webmachine error: path="/riak/blobs/b881b71700f0184ec998c627c4cb675d92baec80"
{error,{error,{case_clause,{error,timeout}},
              [{riak_kv_wm_raw,accept_doc_body,2},
               {webmachine_resource,resource_call,3},
               {webmachine_resource,do,3},
               {webmachine_decision_core,resource_call,1},
               {webmachine_decision_core,accept_helper,0},
               {webmachine_decision_core,decision,1},
               {webmachine_decision_core,handle_request,2},
               {webmachine_mochiweb,loop,1}]}}

=ERROR REPORT==== 6-May-2011::20:38:37 ===
webmachine error: path="/riak/trans/1304714257304:21"
{error,{error,{case_clause,{error,timeout}},
              [{riak_kv_wm_raw,accept_doc_body,2},
               {webmachine_resource,resource_call,3},
               {webmachine_resource,do,3},
               {webmachine_decision_core,resource_call,1},
               {webmachine_decision_core,accept_helper,0},
               {webmachine_decision_core,decision,1},
               {webmachine_decision_core,handle_request,2},
               {webmachine_mochiweb,loop,1}]}}

=ERROR REPORT==== 6-May-2011::20:38:37 ===
webmachine error: path="/riak/clips/f012634180a6ddbfc25a905a0fc6e730cf20f4de:b881b71700f0184ec998c627c4cb675d92baec80"
{error,{error,{case_clause,{error,timeout}},
              [{riak_kv_wm_raw,accept_doc_body,2},
               {webmachine_resource,resource_call,3},
               {webmachine_resource,do,3},
               {webmachine_decision_core,resource_call,1},
               {webmachine_decision_core,accept_helper,0},
               {webmachine_decision_core,decision,1},
               {webmachine_decision_core,handle_request,2},
               {webmachine_mochiweb,loop,1}]}}

=ERROR REPORT==== 6-May-2011::20:38:37 ===
webmachine error: path="/riak/trans/1304714257304:22"
{error,{error,{case_clause,{error,timeout}},
              [{riak_kv_wm_raw,accept_doc_body,2},
               {webmachine_resource,resource_call,3},
               {webmachine_resource,do,3},
               {webmachine_decision_core,resource_call,1},
               {webmachine_decision_core,accept_helper,0},
               {webmachine_decision_core,decision,1},
               {webmachine_decision_core,handle_request,2},
               {webmachine_mochiweb,loop,1}]}}
