2011-11-15 01:07:10.892 [error] <0.25736.25> gen_fsm <0.25736.25> in state wait_pipeline_shutdown terminated with reason: {sink_died,normal}
2011-11-15 01:07:10.949 [error] <0.25736.25> CRASH REPORT Process <0.25736.25> with 0 neighbours crashed with reason: {sink_died,normal}
2011-11-15 01:07:10.978 [error] <0.137.0> Supervisor riak_pipe_builder_sup had child undefined started with {riak_pipe_builder,start_link,undefined} at <0.25736.25> exit with reason {sink_died,normal} in context child_terminated
2011-11-15 01:24:20.494 [error] <0.16783.26> gen_fsm <0.16783.26> in state wait_pipeline_shutdown terminated with reason: {sink_died,normal}
2011-11-15 01:24:20.505 [error] <0.16783.26> CRASH REPORT Process <0.16783.26> with 0 neighbours crashed with reason: {sink_died,normal}
2011-11-15 01:24:20.523 [error] <0.137.0> Supervisor riak_pipe_builder_sup had child undefined started with {riak_pipe_builder,start_link,undefined} at <0.16783.26> exit with reason {sink_died,normal} in context child_terminated
2011-11-15 02:00:29.596 [error] <0.26138.28> gen_fsm <0.26138.28> in state wait_pipeline_shutdown terminated with reason: {sink_died,normal}
2011-11-15 02:00:29.621 [error] <0.26138.28> CRASH REPORT Process <0.26138.28> with 0 neighbours crashed with reason: {sink_died,normal}
2011-11-15 02:00:29.654 [error] <0.137.0> Supervisor riak_pipe_builder_sup had child undefined started with {riak_pipe_builder,start_link,undefined} at <0.26138.28> exit with reason {sink_died,normal} in context child_terminated
2011-11-15 02:16:53.296 [error] <0.6186.29> gen_fsm <0.6186.29> in state wait_pipeline_shutdown terminated with reason: {sink_died,normal}
2011-11-15 02:16:53.421 [error] <0.6186.29> CRASH REPORT Process <0.6186.29> with 0 neighbours crashed with reason: {sink_died,normal}
2011-11-15 02:16:53.433 [error] <0.137.0> Supervisor riak_pipe_builder_sup had child undefined started with {riak_pipe_builder,start_link,undefined} at <0.6186.29> exit with reason {sink_died,normal} in context child_terminated
2011-11-15 02:21:04.239 [error] <0.9293.29> gen_fsm <0.9293.29> in state wait_pipeline_shutdown terminated with reason: {sink_died,normal}
2011-11-15 02:21:04.254 [error] <0.9293.29> CRASH REPORT Process <0.9293.29> with 0 neighbours crashed with reason: {sink_died,normal}
2011-11-15 02:21:04.266 [error] <0.137.0> Supervisor riak_pipe_builder_sup had child undefined started with {riak_pipe_builder,start_link,undefined} at <0.9293.29> exit with reason {sink_died,normal} in context child_terminated
2011-11-15 02:32:36.890 [error] <0.18145.29> gen_fsm <0.18145.29> in state wait_pipeline_shutdown terminated with reason: {sink_died,normal}
2011-11-15 02:32:36.909 [error] <0.18145.29> CRASH REPORT Process <0.18145.29> with 0 neighbours crashed with reason: {sink_died,normal}
2011-11-15 02:32:36.927 [error] <0.137.0> Supervisor riak_pipe_builder_sup had child undefined started with {riak_pipe_builder,start_link,undefined} at <0.18145.29> exit with reason {sink_died,normal} in context child_terminated
2011-11-15 03:18:17.263 [error] <0.19848.30> gen_fsm <0.19848.30> in state wait_pipeline_shutdown terminated with reason: {sink_died,normal}
2011-11-15 03:18:17.278 [error] <0.19848.30> CRASH REPORT Process <0.19848.30> with 0 neighbours crashed with reason: {sink_died,normal}
2011-11-15 03:18:17.296 [error] <0.137.0> Supervisor riak_pipe_builder_sup had child undefined started with {riak_pipe_builder,start_link,undefined} at <0.19848.30> exit with reason {sink_died,normal} in context child_terminated
2011-11-15 03:20:07.682 [error] <0.21291.30> gen_fsm <0.21291.30> in state wait_pipeline_shutdown terminated with reason: {sink_died,normal}
2011-11-15 03:20:07.698 [error] <0.21291.30> CRASH REPORT Process <0.21291.30> with 0 neighbours crashed with reason: {sink_died,normal}
2011-11-15 03:20:07.710 [error] <0.137.0> Supervisor riak_pipe_builder_sup had child undefined started with {riak_pipe_builder,start_link,undefined} at <0.21291.30> exit with reason {sink_died,normal} in context child_terminated
2011-11-15 03:36:11.312 [error] <0.1114.31> gen_fsm <0.1114.31> in state wait_pipeline_shutdown terminated with reason: {sink_died,normal}
2011-11-15 03:36:11.382 [error] <0.1114.31> CRASH REPORT Process <0.1114.31> with 0 neighbours crashed with reason: {sink_died,normal}
2011-11-15 03:36:11.394 [error] <0.137.0> Supervisor riak_pipe_builder_sup had child undefined started with {riak_pipe_builder,start_link,undefined} at <0.1114.31> exit with reason {sink_died,normal} in context child_terminated
2011-11-15 04:00:57.723 [error] <0.24381.31> gen_fsm <0.24381.31> in state wait_pipeline_shutdown terminated with reason: {sink_died,normal}
2011-11-15 04:00:57.733 [error] <0.24381.31> CRASH REPORT Process <0.24381.31> with 0 neighbours crashed with reason: {sink_died,normal}
2011-11-15 04:00:57.739 [error] <0.137.0> Supervisor riak_pipe_builder_sup had child undefined started with {riak_pipe_builder,start_link,undefined} at <0.24381.31> exit with reason {sink_died,normal} in context child_terminated
2011-11-15 05:59:09.611 [error] <0.21200.34> gen_fsm <0.21200.34> in state wait_pipeline_shutdown terminated with reason: {sink_died,normal}
2011-11-15 05:59:09.621 [error] <0.21200.34> CRASH REPORT Process <0.21200.34> with 0 neighbours crashed with reason: {sink_died,normal}
2011-11-15 05:59:09.627 [error] <0.137.0> Supervisor riak_pipe_builder_sup had child undefined started with {riak_pipe_builder,start_link,undefined} at <0.21200.34> exit with reason {sink_died,normal} in context child_terminated
2011-11-15 06:43:29.638 [error] <0.23151.35> gen_fsm <0.23151.35> in state wait_pipeline_shutdown terminated with reason: {sink_died,normal}
2011-11-15 06:43:29.655 [error] <0.23151.35> CRASH REPORT Process <0.23151.35> with 0 neighbours crashed with reason: {sink_died,normal}
2011-11-15 06:43:29.661 [error] <0.137.0> Supervisor riak_pipe_builder_sup had child undefined started with {riak_pipe_builder,start_link,undefined} at <0.23151.35> exit with reason {sink_died,normal} in context child_terminated
2011-11-15 07:22:33.516 [error] <0.20341.36> gen_fsm <0.20341.36> in state wait_pipeline_shutdown terminated with reason: {sink_died,normal}
2011-11-15 07:22:33.565 [error] <0.20341.36> CRASH REPORT Process <0.20341.36> with 0 neighbours crashed with reason: {sink_died,normal}
2011-11-15 07:22:33.571 [error] <0.137.0> Supervisor riak_pipe_builder_sup had child undefined started with {riak_pipe_builder,start_link,undefined} at <0.20341.36> exit with reason {sink_died,normal} in context child_terminated
2011-11-15 07:24:08.874 [error] <0.21615.36> gen_fsm <0.21615.36> in state wait_pipeline_shutdown terminated with reason: {sink_died,normal}
2011-11-15 07:24:08.889 [error] <0.21615.36> CRASH REPORT Process <0.21615.36> with 0 neighbours crashed with reason: {sink_died,normal}
2011-11-15 07:24:08.901 [error] <0.137.0> Supervisor riak_pipe_builder_sup had child undefined started with {riak_pipe_builder,start_link,undefined} at <0.21615.36> exit with reason {sink_died,normal} in context child_terminated
2011-11-15 07:50:56.710 [error] <0.10252.37> gen_fsm <0.10252.37> in state wait_pipeline_shutdown terminated with reason: {sink_died,normal}
2011-11-15 07:50:56.725 [error] <0.10252.37> CRASH REPORT Process <0.10252.37> with 0 neighbours crashed with reason: {sink_died,normal}
2011-11-15 07:50:56.731 [error] <0.137.0> Supervisor riak_pipe_builder_sup had child undefined started with {riak_pipe_builder,start_link,undefined} at <0.10252.37> exit with reason {sink_died,normal} in context child_terminated
2011-11-15 07:54:08.347 [error] <0.12867.37> gen_fsm <0.12867.37> in state wait_pipeline_shutdown terminated with reason: {sink_died,normal}
2011-11-15 07:54:08.357 [error] <0.12867.37> CRASH REPORT Process <0.12867.37> with 0 neighbours crashed with reason: {sink_died,normal}
2011-11-15 07:54:08.363 [error] <0.137.0> Supervisor riak_pipe_builder_sup had child undefined started with {riak_pipe_builder,start_link,undefined} at <0.12867.37> exit with reason {sink_died,normal} in context child_terminated
2011-11-15 08:03:33.556 [error] <0.21055.37>@riak_kv_vnode:init:241 Failed to start riak_kv_eleveldb_backend Reason: {db_open,"IO error: /var/lib/riak/leveldb/913438523331814323877303020447676887284957839360/MANIFEST-000002: No such file or directory"}
2011-11-15 08:03:33.615 [error] <0.21055.37> CRASH REPORT Process <0.21055.37> with 0 neighbours crashed with reason: no case clause matching ok in riak_core_vnode:init/1
2011-11-15 08:03:33.641 [error] <0.180.0> gen_server riak_kv_vnode_master terminated with reason: no match of right hand value {error,{{case_clause,ok},[{riak_core_vnode,init,1},{gen_fsm,init_it,6},{proc_lib,init_p_do_apply,3}]}} in riak_core_vnode_master:get_vnode/2
2011-11-15 08:03:33.751 [error] <0.180.0> CRASH REPORT Process riak_kv_vnode_master with 0 neighbours crashed with reason: no match of right hand value {error,{{case_clause,ok},[{riak_core_vnode,init,1},{gen_fsm,init_it,6},{proc_lib,init_p_do_apply,3}]}} in riak_core_vnode_master:get_vnode/2
2011-11-15 08:03:33.761 [error] <0.177.0> Supervisor riak_kv_sup had child riak_kv_vnode_master started with riak_core_vnode_master:start_link(riak_kv_vnode, riak_kv_legacy_vnode) at <0.180.0> exit with reason no match of right hand value {error,{{case_clause,ok},[{riak_core_vnode,init,1},{gen_fsm,init_it,6},{proc_lib,init_p_do_apply,3}]}} in riak_core_vnode_master:get_vnode/2 in context child_terminated
2011-11-15 08:03:33.802 [error] <0.95.0> Supervisor riak_core_vnode_sup had child undefined started with {riak_core_vnode,start_link,undefined} at <0.21055.37> exit with reason no case clause matching ok in riak_core_vnode:init/1 in context child_terminated
2011-11-15 08:18:27.357 [error] <0.9894.0>@riak_kv_vnode:init:241 Failed to start riak_kv_eleveldb_backend Reason: {db_open,"IO error: /var/lib/riak/leveldb/913438523331814323877303020447676887284957839360/MANIFEST-000002: No such file or directory"}
2011-11-15 08:18:27.375 [error] <0.9894.0> CRASH REPORT Process <0.9894.0> with 0 neighbours crashed with reason: no case clause matching ok in riak_core_vnode:init/1
2011-11-15 08:18:27.381 [error] <0.95.0> Supervisor riak_core_vnode_sup had child undefined started with {riak_core_vnode,start_link,undefined} at <0.9894.0> exit with reason no case clause matching ok in riak_core_vnode:init/1 in context child_terminated
2011-11-15 08:18:27.572 [error] <0.180.0> gen_server riak_kv_vnode_master terminated with reason: no match of right hand value {error,{{case_clause,ok},[{riak_core_vnode,init,1},{gen_fsm,init_it,6},{proc_lib,init_p_do_apply,3}]}} in riak_core_vnode_master:get_vnode/2
2011-11-15 08:18:27.610 [error] <0.180.0> CRASH REPORT Process riak_kv_vnode_master with 0 neighbours crashed with reason: no match of right hand value {error,{{case_clause,ok},[{riak_core_vnode,init,1},{gen_fsm,init_it,6},{proc_lib,init_p_do_apply,3}]}} in riak_core_vnode_master:get_vnode/2
2011-11-15 08:18:27.701 [error] <0.177.0> Supervisor riak_kv_sup had child riak_kv_vnode_master started with riak_core_vnode_master:start_link(riak_kv_vnode, riak_kv_legacy_vnode) at <0.180.0> exit with reason no match of right hand value {error,{{case_clause,ok},[{riak_core_vnode,init,1},{gen_fsm,init_it,6},{proc_lib,init_p_do_apply,3}]}} in riak_core_vnode_master:get_vnode/2 in context child_terminated
2011-11-15 08:18:27.742 [error] <0.9510.0> gen_fsm <0.9510.0> in state wait_pipeline_shutdown terminated with reason: {sink_died,shutdown}
2011-11-15 08:18:27.778 [error] <0.9510.0> CRASH REPORT Process <0.9510.0> with 2 neighbours crashed with reason: {sink_died,shutdown}
2011-11-15 08:18:27.814 [error] <0.137.0> Supervisor riak_pipe_builder_sup had child undefined started with {riak_pipe_builder,start_link,undefined} at <0.9510.0> exit with reason {sink_died,shutdown} in context child_terminated
2011-11-15 08:18:27.856 [error] <0.138.0> Supervisor riak_pipe_fitting_sup had child undefined started with {riak_pipe_fitting,start_link,undefined} at <0.9512.0> exit with reason {sink_died,shutdown} in context child_terminated
2011-11-15 08:18:27.868 [error] <0.138.0> Supervisor riak_pipe_fitting_sup had child undefined started with {riak_pipe_fitting,start_link,undefined} at <0.9511.0> exit with reason {sink_died,shutdown} in context child_terminated
2011-11-15 08:18:27.928 [error] <0.201.0> Supervisor riak_pipe_vnode_worker_sup had child undefined started with {riak_pipe_vnode_worker,start_link,undefined} at <0.9530.0> exit with reason fitting_died in context child_terminated
2011-11-15 08:18:27.946 [error] <0.197.0> Supervisor riak_pipe_vnode_worker_sup had child undefined started with {riak_pipe_vnode_worker,start_link,undefined} at <0.9528.0> exit with reason fitting_died in context child_terminated
2011-11-15 08:18:27.964 [error] <0.214.0> Supervisor riak_pipe_vnode_worker_sup had child undefined started with {riak_pipe_vnode_worker,start_link,undefined} at <0.9524.0> exit with reason fitting_died in context child_terminated
2011-11-15 08:18:27.982 [error] <0.182.0> Supervisor riak_pipe_vnode_worker_sup had child undefined started with {riak_pipe_vnode_worker,start_link,undefined} at <0.9523.0> exit with reason fitting_died in context child_terminated
2011-11-15 08:18:27.994 [error] <0.203.0> Supervisor riak_pipe_vnode_worker_sup had child undefined started with {riak_pipe_vnode_worker,start_link,undefined} at <0.9526.0> exit with reason fitting_died in context child_terminated
