================================== Claimant ===================================
Claimant:  'qbkpx01@qbkpx01.ad.qnet.local'
Status:     up
Ring Ready: true

============================== Ownership Handoff ==============================
Owner:      qbkpx01@qbkpx01.ad.qnet.local
Next Owner: qbkpx02@qbkpx02.ad.qnet.local

Index: 102761833874829111436196589800363649819557756928
  Waiting on: [riak_search_vnode,riak_kv_vnode,riak_pipe_vnode]

Index: 239777612374601260017792042867515182912301432832
  Waiting on: [riak_search_vnode,riak_kv_vnode,riak_pipe_vnode]

Index: 376793390874373408599387495934666716005045108736
  Waiting on: [riak_search_vnode,riak_kv_vnode,riak_pipe_vnode]

Index: 513809169374145557180982949001818249097788784640
  Waiting on: [riak_search_vnode,riak_kv_vnode,riak_pipe_vnode]

Index: 650824947873917705762578402068969782190532460544
  Waiting on: [riak_search_vnode,riak_kv_vnode,riak_pipe_vnode]

Index: 787840726373689854344173855136121315283276136448
  Waiting on: [riak_search_vnode,riak_kv_vnode,riak_pipe_vnode]

Index: 924856504873462002925769308203272848376019812352
  Waiting on: [riak_search_vnode,riak_kv_vnode,riak_pipe_vnode]

Index: 1061872283373234151507364761270424381468763488256
  Waiting on: [riak_search_vnode,riak_kv_vnode,riak_pipe_vnode]

Index: 1198888061873006300088960214337575914561507164160
  Waiting on: [riak_search_vnode,riak_kv_vnode,riak_pipe_vnode]

Index: 1335903840372778448670555667404727447654250840064
  Waiting on: [riak_search_vnode,riak_kv_vnode,riak_pipe_vnode]

-------------------------------------------------------------------------------
Owner:      qbkpx01@qbkpx01.ad.qnet.local
Next Owner: qbkpx03@qbkpx03.ad.qnet.local

Index: 68507889249886074290797726533575766546371837952
  Waiting on: [riak_search_vnode,riak_kv_vnode,riak_pipe_vnode]

Index: 205523667749658222872393179600727299639115513856
  Waiting on: [riak_search_vnode,riak_kv_vnode,riak_pipe_vnode]

Index: 342539446249430371453988632667878832731859189760
  Waiting on: [riak_search_vnode,riak_kv_vnode,riak_pipe_vnode]

Index: 479555224749202520035584085735030365824602865664
  Waiting on: [riak_search_vnode,riak_kv_vnode,riak_pipe_vnode]

Index: 616571003248974668617179538802181898917346541568
  Waiting on: [riak_search_vnode,riak_kv_vnode,riak_pipe_vnode]

Index: 753586781748746817198774991869333432010090217472
  Waiting on: [riak_search_vnode,riak_kv_vnode,riak_pipe_vnode]

Index: 890602560248518965780370444936484965102833893376
  Waiting on: [riak_search_vnode,riak_kv_vnode,riak_pipe_vnode]

Index: 1027618338748291114361965898003636498195577569280
  Waiting on: [riak_search_vnode,riak_kv_vnode,riak_pipe_vnode]

Index: 1164634117248063262943561351070788031288321245184
  Waiting on: [riak_search_vnode,riak_kv_vnode,riak_pipe_vnode]

Index: 1301649895747835411525156804137939564381064921088
  Waiting on: [riak_search_vnode,riak_kv_vnode,riak_pipe_vnode]

Index: 1438665674247607560106752257205091097473808596992
  Waiting on: [riak_search_vnode,riak_kv_vnode,riak_pipe_vnode]

-------------------------------------------------------------------------------
Owner:      qbkpx01@qbkpx01.ad.qnet.local
Next Owner: test@qbkpxadmin01.ad.qnet.local

Index: 34253944624943037145398863266787883273185918976
  Waiting on: [riak_search_vnode,riak_kv_vnode,riak_pipe_vnode]

Index: 171269723124715185726994316333939416365929594880
  Waiting on: [riak_search_vnode,riak_kv_vnode,riak_pipe_vnode]

Index: 308285501624487334308589769401090949458673270784
  Waiting on: [riak_search_vnode,riak_kv_vnode,riak_pipe_vnode]

Index: 445301280124259482890185222468242482551416946688
  Waiting on: [riak_search_vnode,riak_kv_vnode,riak_pipe_vnode]

Index: 582317058624031631471780675535394015644160622592
  Waiting on: [riak_search_vnode,riak_kv_vnode,riak_pipe_vnode]

Index: 719332837123803780053376128602545548736904298496
  Waiting on: [riak_search_vnode,riak_kv_vnode,riak_pipe_vnode]

Index: 856348615623575928634971581669697081829647974400
  Waiting on: [riak_search_vnode,riak_kv_vnode,riak_pipe_vnode]

Index: 993364394123348077216567034736848614922391650304
  Waiting on: [riak_search_vnode,riak_kv_vnode,riak_pipe_vnode]

Index: 1130380172623120225798162487804000148015135326208
  Waiting on: [riak_search_vnode,riak_kv_vnode,riak_pipe_vnode]

Index: 1267395951122892374379757940871151681107879002112
  Waiting on: [riak_search_vnode,riak_kv_vnode,riak_pipe_vnode]

Index: 1404411729622664522961353393938303214200622678016
  Waiting on: [riak_search_vnode,riak_kv_vnode,riak_pipe_vnode]

-------------------------------------------------------------------------------
Owner:      qbkpx02@qbkpx02.ad.qnet.local
Next Owner: qbkpx01@qbkpx01.ad.qnet.local

Index: 45671926166590716193865151022383844364247891968
  Waiting on: [riak_search_vnode,riak_kv_vnode,riak_pipe_vnode]

Index: 182687704666362864775460604089535377456991567872
  Waiting on: [riak_search_vnode,riak_kv_vnode,riak_pipe_vnode]

Index: 319703483166135013357056057156686910549735243776
  Waiting on: [riak_search_vnode,riak_kv_vnode,riak_pipe_vnode]

Index: 456719261665907161938651510223838443642478919680
  Waiting on: [riak_search_vnode,riak_kv_vnode,riak_pipe_vnode]

Index: 593735040165679310520246963290989976735222595584
  Waiting on: [riak_search_vnode,riak_kv_vnode,riak_pipe_vnode]

Index: 730750818665451459101842416358141509827966271488
  Waiting on: [riak_search_vnode,riak_kv_vnode,riak_pipe_vnode]

Index: 867766597165223607683437869425293042920709947392
  Waiting on: [riak_search_vnode,riak_kv_vnode,riak_pipe_vnode]

Index: 1004782375664995756265033322492444576013453623296
  Waiting on: [riak_search_vnode,riak_kv_vnode,riak_pipe_vnode]

Index: 1141798154164767904846628775559596109106197299200
  Waiting on: [riak_search_vnode,riak_kv_vnode,riak_pipe_vnode]

Index: 1278813932664540053428224228626747642198940975104
  Waiting on: [riak_search_vnode,riak_kv_vnode,riak_pipe_vnode]

Index: 1415829711164312202009819681693899175291684651008
  Waiting on: [riak_search_vnode,riak_kv_vnode,riak_pipe_vnode]

-------------------------------------------------------------------------------
Owner:      qbkpx02@qbkpx02.ad.qnet.local
Next Owner: qbkpx03@qbkpx03.ad.qnet.local

Index: 114179815416476790484662877555959610910619729920
  Waiting on: [riak_search_vnode,riak_kv_vnode,riak_pipe_vnode]

Index: 251195593916248939066258330623111144003363405824
  Waiting on: [riak_search_vnode,riak_kv_vnode,riak_pipe_vnode]

Index: 388211372416021087647853783690262677096107081728
  Waiting on: [riak_search_vnode,riak_kv_vnode,riak_pipe_vnode]

Index: 525227150915793236229449236757414210188850757632
  Waiting on: [riak_search_vnode,riak_kv_vnode,riak_pipe_vnode]

Index: 662242929415565384811044689824565743281594433536
  Waiting on: [riak_search_vnode,riak_kv_vnode,riak_pipe_vnode]

Index: 799258707915337533392640142891717276374338109440
  Waiting on: [riak_search_vnode,riak_kv_vnode,riak_pipe_vnode]

Index: 936274486415109681974235595958868809467081785344
  Waiting on: [riak_search_vnode,riak_kv_vnode,riak_pipe_vnode]

Index: 1073290264914881830555831049026020342559825461248
  Waiting on: [riak_search_vnode,riak_kv_vnode,riak_pipe_vnode]

Index: 1210306043414653979137426502093171875652569137152
  Waiting on: [riak_search_vnode,riak_kv_vnode,riak_pipe_vnode]

Index: 1347321821914426127719021955160323408745312813056
  Waiting on: [riak_search_vnode,riak_kv_vnode,riak_pipe_vnode]

-------------------------------------------------------------------------------
Owner:      qbkpx02@qbkpx02.ad.qnet.local
Next Owner: test@qbkpxadmin01.ad.qnet.local

Index: 79925870791533753339264014289171727637433810944
  Waiting on: [riak_search_vnode,riak_kv_vnode,riak_pipe_vnode]

Index: 216941649291305901920859467356323260730177486848
  Waiting on: [riak_search_vnode,riak_kv_vnode,riak_pipe_vnode]

Index: 353957427791078050502454920423474793822921162752
  Waiting on: [riak_search_vnode,riak_kv_vnode,riak_pipe_vnode]

Index: 490973206290850199084050373490626326915664838656
  Waiting on: [riak_search_vnode,riak_kv_vnode,riak_pipe_vnode]

Index: 627988984790622347665645826557777860008408514560
  Waiting on: [riak_search_vnode,riak_kv_vnode,riak_pipe_vnode]

Index: 765004763290394496247241279624929393101152190464
  Waiting on: [riak_search_vnode,riak_kv_vnode,riak_pipe_vnode]

Index: 902020541790166644828836732692080926193895866368
  Waiting on: [riak_search_vnode,riak_kv_vnode,riak_pipe_vnode]

Index: 1039036320289938793410432185759232459286639542272
  Waiting on: [riak_search_vnode,riak_kv_vnode,riak_pipe_vnode]

Index: 1176052098789710941992027638826383992379383218176
  Waiting on: [riak_search_vnode,riak_kv_vnode,riak_pipe_vnode]

Index: 1313067877289483090573623091893535525472126894080
  Waiting on: [riak_search_vnode,riak_kv_vnode,riak_pipe_vnode]

Index: 1450083655789255239155218544960687058564870569984
  Waiting on: [riak_search_vnode,riak_kv_vnode,riak_pipe_vnode]

-------------------------------------------------------------------------------
Owner:      qbkpx03@qbkpx03.ad.qnet.local
Next Owner: qbkpx01@qbkpx01.ad.qnet.local

Index: 91343852333181432387730302044767688728495783936
  Waiting on: [riak_search_vnode,riak_kv_vnode,riak_pipe_vnode]

Index: 228359630832953580969325755111919221821239459840
  Waiting on: [riak_search_vnode,riak_kv_vnode,riak_pipe_vnode]

Index: 365375409332725729550921208179070754913983135744
  Waiting on: [riak_search_vnode,riak_kv_vnode,riak_pipe_vnode]

Index: 502391187832497878132516661246222288006726811648
  Waiting on: [riak_search_vnode,riak_kv_vnode,riak_pipe_vnode]

Index: 639406966332270026714112114313373821099470487552
  Waiting on: [riak_search_vnode,riak_kv_vnode,riak_pipe_vnode]

Index: 776422744832042175295707567380525354192214163456
  Waiting on: [riak_search_vnode,riak_kv_vnode,riak_pipe_vnode]

Index: 913438523331814323877303020447676887284957839360
  Waiting on: [riak_search_vnode,riak_kv_vnode,riak_pipe_vnode]

Index: 1050454301831586472458898473514828420377701515264
  Waiting on: [riak_search_vnode,riak_kv_vnode,riak_pipe_vnode]

Index: 1187470080331358621040493926581979953470445191168
  Waiting on: [riak_search_vnode,riak_kv_vnode,riak_pipe_vnode]

Index: 1324485858831130769622089379649131486563188867072
  Waiting on: [riak_search_vnode,riak_kv_vnode,riak_pipe_vnode]

-------------------------------------------------------------------------------
Owner:      qbkpx03@qbkpx03.ad.qnet.local
Next Owner: qbkpx02@qbkpx02.ad.qnet.local

Index: 57089907708238395242331438777979805455309864960
  Waiting on: [riak_search_vnode,riak_kv_vnode,riak_pipe_vnode]

Index: 194105686208010543823926891845131338548053540864
  Waiting on: [riak_search_vnode,riak_kv_vnode,riak_pipe_vnode]

Index: 331121464707782692405522344912282871640797216768
  Waiting on: [riak_search_vnode,riak_kv_vnode,riak_pipe_vnode]

Index: 468137243207554840987117797979434404733540892672
  Waiting on: [riak_search_vnode,riak_kv_vnode,riak_pipe_vnode]

Index: 605153021707326989568713251046585937826284568576
  Waiting on: [riak_search_vnode,riak_kv_vnode,riak_pipe_vnode]

Index: 742168800207099138150308704113737470919028244480
  Waiting on: [riak_search_vnode,riak_kv_vnode,riak_pipe_vnode]

Index: 879184578706871286731904157180889004011771920384
  Waiting on: [riak_search_vnode,riak_kv_vnode,riak_pipe_vnode]

Index: 1016200357206643435313499610248040537104515596288
  Waiting on: [riak_search_vnode,riak_kv_vnode,riak_pipe_vnode]

Index: 1153216135706415583895095063315192070197259272192
  Waiting on: [riak_search_vnode,riak_kv_vnode,riak_pipe_vnode]

Index: 1290231914206187732476690516382343603290002948096
  Waiting on: [riak_search_vnode,riak_kv_vnode,riak_pipe_vnode]

Index: 1427247692705959881058285969449495136382746624000
  Waiting on: [riak_search_vnode,riak_kv_vnode,riak_pipe_vnode]

-------------------------------------------------------------------------------
Owner:      qbkpx03@qbkpx03.ad.qnet.local
Next Owner: test@qbkpxadmin01.ad.qnet.local

Index: 125597796958124469533129165311555572001681702912
  Waiting on: [riak_search_vnode,riak_kv_vnode,riak_pipe_vnode]

Index: 262613575457896618114724618378707105094425378816
  Waiting on: [riak_search_vnode,riak_kv_vnode,riak_pipe_vnode]

Index: 399629353957668766696320071445858638187169054720
  Waiting on: [riak_search_vnode,riak_kv_vnode,riak_pipe_vnode]

Index: 536645132457440915277915524513010171279912730624
  Waiting on: [riak_search_vnode,riak_kv_vnode,riak_pipe_vnode]

Index: 673660910957213063859510977580161704372656406528
  Waiting on: [riak_search_vnode,riak_kv_vnode,riak_pipe_vnode]

Index: 810676689456985212441106430647313237465400082432
  Waiting on: [riak_search_vnode,riak_kv_vnode,riak_pipe_vnode]

Index: 947692467956757361022701883714464770558143758336
  Waiting on: [riak_search_vnode,riak_kv_vnode,riak_pipe_vnode]

Index: 1084708246456529509604297336781616303650887434240
  Waiting on: [riak_search_vnode,riak_kv_vnode,riak_pipe_vnode]

Index: 1221724024956301658185892789848767836743631110144
  Waiting on: [riak_search_vnode,riak_kv_vnode,riak_pipe_vnode]

Index: 1358739803456073806767488242915919369836374786048
  Waiting on: [riak_search_vnode,riak_kv_vnode,riak_pipe_vnode]

-------------------------------------------------------------------------------

============================== Unreachable Nodes ==============================
All nodes are up and reachable